<?xml version="1.0" encoding="UTF-8"?>
<robot generator="Robot 6.1.1 (Python 3.10.12 on linux)" generated="20241116 14:49:36.840" rpa="false" schemaversion="4">
<suite id="s1" name="Tests" source="/home/paville/Desktop/git projects/ohtu/palautusrepositorio/viikko3/hello-robot/src/tests">
<suite id="s1-s1" name="Increase Counter" source="/home/paville/Desktop/git projects/ohtu/palautusrepositorio/viikko3/hello-robot/src/tests/increase_counter.robot">
<test id="s1-s1-t1" name="Increase Counter Once" line="5">
<kw name="Counter Value Should Be" library="CounterLibrary">
<arg>0</arg>
<status status="PASS" starttime="20241116 14:49:36.862" endtime="20241116 14:49:36.862"/>
</kw>
<kw name="Increase Counter" library="CounterLibrary">
<status status="PASS" starttime="20241116 14:49:36.862" endtime="20241116 14:49:36.862"/>
</kw>
<kw name="Counter Value Should Be" library="CounterLibrary">
<arg>1</arg>
<status status="PASS" starttime="20241116 14:49:36.862" endtime="20241116 14:49:36.862"/>
</kw>
<status status="PASS" starttime="20241116 14:49:36.861" endtime="20241116 14:49:36.862"/>
</test>
<test id="s1-s1-t2" name="Increase Counter Many Times" line="10">
<kw name="Counter Value Should Be" library="CounterLibrary">
<arg>0</arg>
<status status="PASS" starttime="20241116 14:49:36.863" endtime="20241116 14:49:36.863"/>
</kw>
<kw name="Increase Counter" library="CounterLibrary">
<status status="PASS" starttime="20241116 14:49:36.863" endtime="20241116 14:49:36.863"/>
</kw>
<kw name="Increase Counter" library="CounterLibrary">
<status status="PASS" starttime="20241116 14:49:36.863" endtime="20241116 14:49:36.863"/>
</kw>
<kw name="Increase Counter" library="CounterLibrary">
<status status="PASS" starttime="20241116 14:49:36.863" endtime="20241116 14:49:36.864"/>
</kw>
<kw name="Counter Value Should Be" library="CounterLibrary">
<arg>3</arg>
<status status="PASS" starttime="20241116 14:49:36.864" endtime="20241116 14:49:36.864"/>
</kw>
<status status="PASS" starttime="20241116 14:49:36.863" endtime="20241116 14:49:36.864"/>
</test>
<test id="s1-s1-t3" name="Increment Counter By Amount" line="17">
<kw name="Counter Value Should Be" library="CounterLibrary">
<arg>0</arg>
<status status="PASS" starttime="20241116 14:49:36.864" endtime="20241116 14:49:36.864"/>
</kw>
<kw name="Increment Counter By" library="CounterLibrary">
<arg>5</arg>
<status status="PASS" starttime="20241116 14:49:36.864" endtime="20241116 14:49:36.865"/>
</kw>
<kw name="Counter Value Should Be" library="CounterLibrary">
<arg>5</arg>
<status status="PASS" starttime="20241116 14:49:36.865" endtime="20241116 14:49:36.865"/>
</kw>
<status status="PASS" starttime="20241116 14:49:36.864" endtime="20241116 14:49:36.865"/>
</test>
<test id="s1-s1-t4" name="Reset Counter After One Increment" line="22">
<kw name="Counter Value Should Be" library="CounterLibrary">
<arg>0</arg>
<status status="PASS" starttime="20241116 14:49:36.865" endtime="20241116 14:49:36.865"/>
</kw>
<kw name="Increase Counter" library="CounterLibrary">
<status status="PASS" starttime="20241116 14:49:36.866" endtime="20241116 14:49:36.866"/>
</kw>
<kw name="Counter Value Should Be" library="CounterLibrary">
<arg>1</arg>
<status status="PASS" starttime="20241116 14:49:36.866" endtime="20241116 14:49:36.866"/>
</kw>
<kw name="Reset Counter" library="CounterLibrary">
<status status="PASS" starttime="20241116 14:49:36.866" endtime="20241116 14:49:36.866"/>
</kw>
<kw name="Counter Value Should Be" library="CounterLibrary">
<arg>0</arg>
<status status="PASS" starttime="20241116 14:49:36.866" endtime="20241116 14:49:36.866"/>
</kw>
<status status="PASS" starttime="20241116 14:49:36.865" endtime="20241116 14:49:36.866"/>
</test>
<test id="s1-s1-t5" name="Reset Counter After Several Increments" line="29">
<kw name="Counter Value Should Be" library="CounterLibrary">
<arg>0</arg>
<status status="PASS" starttime="20241116 14:49:36.867" endtime="20241116 14:49:36.867"/>
</kw>
<kw name="Increment Counter By" library="CounterLibrary">
<arg>5</arg>
<status status="PASS" starttime="20241116 14:49:36.867" endtime="20241116 14:49:36.867"/>
</kw>
<kw name="Counter Value Should Be" library="CounterLibrary">
<arg>5</arg>
<status status="PASS" starttime="20241116 14:49:36.867" endtime="20241116 14:49:36.867"/>
</kw>
<kw name="Reset Counter" library="CounterLibrary">
<status status="PASS" starttime="20241116 14:49:36.867" endtime="20241116 14:49:36.867"/>
</kw>
<kw name="Counter Value Should Be" library="CounterLibrary">
<arg>0</arg>
<status status="PASS" starttime="20241116 14:49:36.867" endtime="20241116 14:49:36.867"/>
</kw>
<status status="PASS" starttime="20241116 14:49:36.866" endtime="20241116 14:49:36.868"/>
</test>
<status status="PASS" starttime="20241116 14:49:36.858" endtime="20241116 14:49:36.868"/>
</suite>
<status status="PASS" starttime="20241116 14:49:36.841" endtime="20241116 14:49:36.869"/>
</suite>
<statistics>
<total>
<stat pass="5" fail="0" skip="0">All Tests</stat>
</total>
<tag>
</tag>
<suite>
<stat pass="5" fail="0" skip="0" id="s1" name="Tests">Tests</stat>
<stat pass="5" fail="0" skip="0" id="s1-s1" name="Increase Counter">Tests.Increase Counter</stat>
</suite>
</statistics>
<errors>
</errors>
</robot>
